2021/02/04 {Beta} 0.1.0
 - テスト公開
2021/04/08 {Beta} 0.1.1
 - 名前に空白があると正常に作動しない問題を修正
2021/04/11 {Beta} 0.1.2
 - 自動バックアップを無効化する機能を追加
2021/04/29 {Beta} 0.1.3
 - 他botのメッセージに関しての処理を変更
2021/05/22 {Beta} 0.1.4
 - botがコマンドを利用できないよう変更
 - daemonスレッドを学習したので最後にEnterを押す必要がなくなりました
2021/08/11 {Beta} 0.1.5
 - サーバー起動に使用するjavaのバージョンを指定できるように変更
2021/08/11 {Beta} 0.1.5.1-IMPORTANT FIX
 - log4j脆弱性への対応、起動前の忠告文を追加
   本質的な対策ではありません、パッチを適用したサーバーを実行してください
2021/08/11 {Beta} 0.1.5.2-IMPORTANT FIX
 - log4j脆弱性への対応、環境変数の引継ぎを実装
   本質的な対策ではありません、実行にはバージョンに対応する引数が必要です
2021/08/11 {Beta} 0.1.5.3-IMPORTANT FIX
 - log4j脆弱性への対応、環境変数の引継ぎ部分のバグを修正
   本質的な対策ではありません、実行にはバージョンに対応する引数が必要です
2021/08/11 {Beta} 0.1.5.4
 - パッチ済みjarの場合のためにlog4j脆弱性に関する警告をスキップする設定を実装
